MyGrafika/app/build/outputs/logs/manifest-merger-debug-report.txt
-- Merging decision tree log ---
manifest
ADDED from src/main/AndroidManifest.xml:4:1-39:12
	package
		ADDED from src/main/AndroidManifest.xml:5:5-34
		INJECTED from src/main/AndroidManifest.xml
		INJECTED from src/main/AndroidManifest.xml
	android:versionName
		ADDED from src/main/AndroidManifest.xml:7:5-30
		INJECTED from src/main/AndroidManifest.xml
		INJECTED from src/main/AndroidManifest.xml
	android:versionCode
		ADDED from src/main/AndroidManifest.xml:6:5-29
		INJECTED from src/main/AndroidManifest.xml
		INJECTED from src/main/AndroidManifest.xml
	xmlns:android
		ADDED from src/main/AndroidManifest.xml:4:11-69
uses-sdk
ADDED from src/main/AndroidManifest.xml:9:5-11:41
	android:targetSdkVersion
		ADDED from src/main/AndroidManifest.xml:11:9-38
		INJECTED from src/main/AndroidManifest.xml
		INJECTED from src/main/AndroidManifest.xml
	android:minSdkVersion
		ADDED from src/main/AndroidManifest.xml:10:9-35
		INJECTED from src/main/AndroidManifest.xml
		INJECTED from src/main/AndroidManifest.xml
uses-permission#android.permission.WRITE_EXTERNAL_STORAGE
ADDED from src/main/AndroidManifest.xml:13:5-81
	android:name
		ADDED from src/main/AndroidManifest.xml:13:22-78
uses-permission#android.permission.CAMERA
ADDED from src/main/AndroidManifest.xml:14:5-65
	android:name
		ADDED from src/main/AndroidManifest.xml:14:22-62
uses-permission#android.permission.RECORD_AUDIO
ADDED from src/main/AndroidManifest.xml:15:5-70
	android:name
		ADDED from src/main/AndroidManifest.xml:15:22-68
uses-feature#0x00020000
ADDED from src/main/AndroidManifest.xml:17:5-78
	android:glEsVersion
		ADDED from src/main/AndroidManifest.xml:17:19-51
	android:required
		ADDED from src/main/AndroidManifest.xml:17:52-75
uses-feature#android.hardware.camera
ADDED from src/main/AndroidManifest.xml:18:5-59
	android:name
		ADDED from src/main/AndroidManifest.xml:18:19-57
uses-feature#android.hardware.camera.autofocus
ADDED from src/main/AndroidManifest.xml:19:5-69
	android:name
		ADDED from src/main/AndroidManifest.xml:19:19-67
uses-permission#android.permission.FLASHLIGHT
ADDED from src/main/AndroidManifest.xml:20:5-69
	android:name
		ADDED from src/main/AndroidManifest.xml:20:22-66
application
ADDED from src/main/AndroidManifest.xml:22:5-37:19
	android:label
		ADDED from src/main/AndroidManifest.xml:25:9-41
	android:allowBackup
		ADDED from src/main/AndroidManifest.xml:23:9-35
	android:icon
		ADDED from src/main/AndroidManifest.xml:24:9-45
	android:theme
		ADDED from src/main/AndroidManifest.xml:26:9-40
activity#com.android.grafika.NewActivity
ADDED from src/main/AndroidManifest.xml:27:9-36:20
	android:label
		ADDED from src/main/AndroidManifest.xml:28:13-36
	android:theme
		ADDED from src/main/AndroidManifest.xml:29:13-77
	android:name
		ADDED from src/main/AndroidManifest.xml:27:19-46
intent-filter#android.intent.action.MAIN+android.intent.category.LAUNCHER
ADDED from src/main/AndroidManifest.xml:30:13-34:29
action#android.intent.action.MAIN
ADDED from src/main/AndroidManifest.xml:31:17-69
	android:name
		ADDED from src/main/AndroidManifest.xml:31:25-66
category#android.intent.category.LAUNCHER
ADDED from src/main/AndroidManifest.xml:33:17-77
	android:name
		ADDED from src/main/AndroidManifest.xml:33:27-74